[INFO  - 2021-10-20T10:27:36.151Z] GhostDriver - Main - running on port 18723
[INFO  - 2021-10-20T10:27:36.464Z] Session [581733d0-3190-11ec-84e4-c17b521d45ba] - _decorateNewWindow - page.settings: {"XSSAuditingEnabled":false,"javascriptCanCloseWindows":true,"javascriptCanOpenWindows":true,"javascriptEnabled":true,"loadImages":true,"localToRemoteUrlAccessEnabled":false,"userAgent":"Mozilla/5.0 (Unknown; Linux x86_64) AppleWebKit/534.34 (KHTML, like Gecko) PhantomJS/1.9.2 Safari/534.34","webSecurityEnabled":true}
[INFO  - 2021-10-20T10:27:36.464Z] Session [581733d0-3190-11ec-84e4-c17b521d45ba] - page.customHeaders:  - {}
[INFO  - 2021-10-20T10:27:36.464Z] Session [581733d0-3190-11ec-84e4-c17b521d45ba] - CONSTRUCTOR - Desired Capabilities: {"phantomjs.binary.path":"phantomjs","javascriptEnabled":true}
[INFO  - 2021-10-20T10:27:36.464Z] Session [581733d0-3190-11ec-84e4-c17b521d45ba] - CONSTRUCTOR - Negotiated Capabilities: {"browserName":"phantomjs","version":"1.9.2","driverName":"ghostdriver","driverVersion":"1.0.4","platform":"linux-unknown-64bit","javascriptEnabled":true,"takesScreenshot":true,"handlesAlerts":false,"databaseEnabled":false,"locationContextEnabled":false,"applicationCacheEnabled":false,"browserConnectionEnabled":false,"cssSelectorsEnabled":true,"webStorageEnabled":false,"rotatable":false,"acceptSslCerts":false,"nativeEvents":true,"proxy":{"proxyType":"direct"}}
[INFO  - 2021-10-20T10:27:36.464Z] SessionManagerReqHand - _postNewSessionCommand - New Session Created: 581733d0-3190-11ec-84e4-c17b521d45ba
[INFO  - 2021-10-20T10:28:29.006Z] GhostDriver - Main - running on port 6914
[INFO  - 2021-10-20T10:28:29.038Z] Session [776d5bb0-3190-11ec-b3ea-e710f0d52115] - _decorateNewWindow - page.settings: {"XSSAuditingEnabled":false,"javascriptCanCloseWindows":true,"javascriptCanOpenWindows":true,"javascriptEnabled":true,"loadImages":true,"localToRemoteUrlAccessEnabled":false,"userAgent":"Mozilla/5.0 (Unknown; Linux x86_64) AppleWebKit/534.34 (KHTML, like Gecko) PhantomJS/1.9.2 Safari/534.34","webSecurityEnabled":true}
[INFO  - 2021-10-20T10:28:29.038Z] Session [776d5bb0-3190-11ec-b3ea-e710f0d52115] - page.customHeaders:  - {}
[INFO  - 2021-10-20T10:28:29.038Z] Session [776d5bb0-3190-11ec-b3ea-e710f0d52115] - CONSTRUCTOR - Desired Capabilities: {"phantomjs.binary.path":"phantomjs","javascriptEnabled":true}
[INFO  - 2021-10-20T10:28:29.038Z] Session [776d5bb0-3190-11ec-b3ea-e710f0d52115] - CONSTRUCTOR - Negotiated Capabilities: {"browserName":"phantomjs","version":"1.9.2","driverName":"ghostdriver","driverVersion":"1.0.4","platform":"linux-unknown-64bit","javascriptEnabled":true,"takesScreenshot":true,"handlesAlerts":false,"databaseEnabled":false,"locationContextEnabled":false,"applicationCacheEnabled":false,"browserConnectionEnabled":false,"cssSelectorsEnabled":true,"webStorageEnabled":false,"rotatable":false,"acceptSslCerts":false,"nativeEvents":true,"proxy":{"proxyType":"direct"}}
[INFO  - 2021-10-20T10:28:29.038Z] SessionManagerReqHand - _postNewSessionCommand - New Session Created: 776d5bb0-3190-11ec-b3ea-e710f0d52115
[INFO  - 2021-10-20T10:28:30.574Z] GhostDriver - Main - running on port 32403
[INFO  - 2021-10-20T10:28:30.742Z] Session [787073d0-3190-11ec-9dfa-f38cdcc54660] - _decorateNewWindow - page.settings: {"XSSAuditingEnabled":false,"javascriptCanCloseWindows":true,"javascriptCanOpenWindows":true,"javascriptEnabled":true,"loadImages":true,"localToRemoteUrlAccessEnabled":false,"userAgent":"Mozilla/5.0 (Unknown; Linux x86_64) AppleWebKit/534.34 (KHTML, like Gecko) PhantomJS/1.9.2 Safari/534.34","webSecurityEnabled":true}
[INFO  - 2021-10-20T10:28:30.742Z] Session [787073d0-3190-11ec-9dfa-f38cdcc54660] - page.customHeaders:  - {}
[INFO  - 2021-10-20T10:28:30.742Z] Session [787073d0-3190-11ec-9dfa-f38cdcc54660] - CONSTRUCTOR - Desired Capabilities: {"phantomjs.binary.path":"phantomjs","javascriptEnabled":true}
[INFO  - 2021-10-20T10:28:30.742Z] Session [787073d0-3190-11ec-9dfa-f38cdcc54660] - CONSTRUCTOR - Negotiated Capabilities: {"browserName":"phantomjs","version":"1.9.2","driverName":"ghostdriver","driverVersion":"1.0.4","platform":"linux-unknown-64bit","javascriptEnabled":true,"takesScreenshot":true,"handlesAlerts":false,"databaseEnabled":false,"locationContextEnabled":false,"applicationCacheEnabled":false,"browserConnectionEnabled":false,"cssSelectorsEnabled":true,"webStorageEnabled":false,"rotatable":false,"acceptSslCerts":false,"nativeEvents":true,"proxy":{"proxyType":"direct"}}
[INFO  - 2021-10-20T10:28:30.743Z] SessionManagerReqHand - _postNewSessionCommand - New Session Created: 787073d0-3190-11ec-9dfa-f38cdcc54660
[INFO  - 2021-10-20T10:32:36.250Z] SessionManagerReqHand - _cleanupWindowlessSessions - Asynchronous Sessions clean-up phase starting NOW
[INFO  - 2021-10-20T10:33:29.104Z] SessionManagerReqHand - _cleanupWindowlessSessions - Asynchronous Sessions clean-up phase starting NOW
[INFO  - 2021-10-20T10:33:30.669Z] SessionManagerReqHand - _cleanupWindowlessSessions - Asynchronous Sessions clean-up phase starting NOW
